# JRE version: Java(TM) SE Runtime Environment (8.0_211-b12) (build 1.8.0_211-b12)
# Java VM: Java HotSpot(TM) 64-Bit Server VM (25.211-b12 mixed mode windows-amd64 compressed oops)
Heap:
 PSYoungGen      total 419840K, used 101152K [0x000000076b200000, 0x0000000786800000, 0x00000007c0000000)
  eden space 402432K, 20% used [0x000000076b200000,0x00000007703d02a0,0x0000000783b00000)
  from space 17408K, 99% used [0x0000000785700000,0x00000007867f8060,0x0000000786800000)
  to   space 19968K, 0% used [0x0000000784100000,0x0000000784100000,0x0000000785480000)
 ParOldGen       total 238592K, used 30923K [0x00000006c1600000, 0x00000006cff00000, 0x000000076b200000)
  object space 238592K, 12% used [0x00000006c1600000,0x00000006c3432d48,0x00000006cff00000)
 Metaspace       used 65649K, capacity 68810K, committed 69012K, reserved 1110016K
  class space    used 8857K, capacity 9378K, committed 9404K, reserved 1048576K
GC Heap History (10 events):
Event: 13.906 GC heap before
{Heap before GC invocations=11 (full 2):
 PSYoungGen      total 295424K, used 295409K [0x000000076b200000, 0x000000077ec00000, 0x00000007c0000000)
  eden space 284160K, 100% used [0x000000076b200000,0x000000077c780000,0x000000077c780000)
  from space 11264K, 99% used [0x000000077e100000,0x000000077ebfc410,0x000000077ec00000)
  to   space 12800K, 0% used [0x000000077d300000,0x000000077d300000,0x000000077df80000)
 ParOldGen       total 161792K, used 14928K [0x00000006c1600000, 0x00000006cb400000, 0x000000076b200000)
  object space 161792K, 9% used [0x00000006c1600000,0x00000006c24943d0,0x00000006cb400000)
 Metaspace       used 56573K, capacity 58990K, committed 59028K, reserved 1099776K
  class space    used 7677K, capacity 8088K, committed 8124K, reserved 1048576K
Event: 13.923 GC heap after
Heap after GC invocations=11 (full 2):
 PSYoungGen      total 308736K, used 12773K [0x000000076b200000, 0x0000000782900000, 0x00000007c0000000)
  eden space 295936K, 0% used [0x000000076b200000,0x000000076b200000,0x000000077d300000)
  from space 12800K, 99% used [0x000000077d300000,0x000000077df797f8,0x000000077df80000)
  to   space 15872K, 0% used [0x0000000781980000,0x0000000781980000,0x0000000782900000)
 ParOldGen       total 161792K, used 19541K [0x00000006c1600000, 0x00000006cb400000, 0x000000076b200000)
  object space 161792K, 12% used [0x00000006c1600000,0x00000006c29156f0,0x00000006cb400000)
 Metaspace       used 56573K, capacity 58990K, committed 59028K, reserved 1099776K
  class space    used 7677K, capacity 8088K, committed 8124K, reserved 1048576K
}
Event: 13.923 GC heap before
{Heap before GC invocations=12 (full 3):
 PSYoungGen      total 308736K, used 12773K [0x000000076b200000, 0x0000000782900000, 0x00000007c0000000)
  eden space 295936K, 0% used [0x000000076b200000,0x000000076b200000,0x000000077d300000)
  from space 12800K, 99% used [0x000000077d300000,0x000000077df797f8,0x000000077df80000)
  to   space 15872K, 0% used [0x0000000781980000,0x0000000781980000,0x0000000782900000)
 ParOldGen       total 161792K, used 19541K [0x00000006c1600000, 0x00000006cb400000, 0x000000076b200000)
  object space 161792K, 12% used [0x00000006c1600000,0x00000006c29156f0,0x00000006cb400000)
 Metaspace       used 56573K, capacity 58990K, committed 59028K, reserved 1099776K
  class space    used 7677K, capacity 8088K, committed 8124K, reserved 1048576K
Event: 14.097 GC heap after
Heap after GC invocations=12 (full 3):
 PSYoungGen      total 308736K, used 0K [0x000000076b200000, 0x0000000782900000, 0x00000007c0000000)
  eden space 295936K, 0% used [0x000000076b200000,0x000000076b200000,0x000000077d300000)
  from space 12800K, 0% used [0x000000077d300000,0x000000077d300000,0x000000077df80000)
  to   space 15872K, 0% used [0x0000000781980000,0x0000000781980000,0x0000000782900000)
 ParOldGen       total 238592K, used 29288K [0x00000006c1600000, 0x00000006cff00000, 0x000000076b200000)
  object space 238592K, 12% used [0x00000006c1600000,0x00000006c329a270,0x00000006cff00000)
 Metaspace       used 56573K, capacity 58990K, committed 59028K, reserved 1099776K
  class space    used 7677K, capacity 8088K, committed 8124K, reserved 1048576K
}
Event: 17.771 GC heap before
{Heap before GC invocations=13 (full 3):
 PSYoungGen      total 308736K, used 295936K [0x000000076b200000, 0x0000000782900000, 0x00000007c0000000)
  eden space 295936K, 100% used [0x000000076b200000,0x000000077d300000,0x000000077d300000)
  from space 12800K, 0% used [0x000000077d300000,0x000000077d300000,0x000000077df80000)
  to   space 15872K, 0% used [0x0000000781980000,0x0000000781980000,0x0000000782900000)
 ParOldGen       total 238592K, used 29288K [0x00000006c1600000, 0x00000006cff00000, 0x000000076b200000)
  object space 238592K, 12% used [0x00000006c1600000,0x00000006c329a270,0x00000006cff00000)
 Metaspace       used 62212K, capacity 65126K, committed 65428K, reserved 1105920K
  class space    used 8543K, capacity 9022K, committed 9148K, reserved 1048576K
Event: 17.797 GC heap after
Heap after GC invocations=13 (full 3):
 PSYoungGen      total 367616K, used 11561K [0x000000076b200000, 0x0000000782a80000, 0x00000007c0000000)
  eden space 351744K, 0% used [0x000000076b200000,0x000000076b200000,0x0000000780980000)
  from space 15872K, 72% used [0x0000000781980000,0x00000007824ca458,0x0000000782900000)
  to   space 16384K, 0% used [0x0000000780980000,0x0000000780980000,0x0000000781980000)
 ParOldGen       total 238592K, used 29288K [0x00000006c1600000, 0x00000006cff00000, 0x000000076b200000)
  object space 238592K, 12% used [0x00000006c1600000,0x00000006c329a270,0x00000006cff00000)
 Metaspace       used 62212K, capacity 65126K, committed 65428K, reserved 1105920K
  class space    used 8543K, capacity 9022K, committed 9148K, reserved 1048576K
}
Event: 22.206 GC heap before
{Heap before GC invocations=14 (full 3):
 PSYoungGen      total 367616K, used 363305K [0x000000076b200000, 0x0000000782a80000, 0x00000007c0000000)
  eden space 351744K, 100% used [0x000000076b200000,0x0000000780980000,0x0000000780980000)
  from space 15872K, 72% used [0x0000000781980000,0x00000007824ca458,0x0000000782900000)
  to   space 16384K, 0% used [0x0000000780980000,0x0000000780980000,0x0000000781980000)
 ParOldGen       total 238592K, used 29288K [0x00000006c1600000, 0x00000006cff00000, 0x000000076b200000)
  object space 238592K, 12% used [0x00000006c1600000,0x00000006c329a270,0x00000006cff00000)
 Metaspace       used 64814K, capacity 67926K, committed 68244K, reserved 1107968K
  class space    used 8815K, capacity 9314K, committed 9404K, reserved 1048576K
Event: 22.226 GC heap after
Heap after GC invocations=14 (full 3):
 PSYoungGen      total 368128K, used 13845K [0x000000076b200000, 0x0000000786800000, 0x00000007c0000000)
  eden space 351744K, 0% used [0x000000076b200000,0x000000076b200000,0x0000000780980000)
  from space 16384K, 84% used [0x0000000780980000,0x00000007817055d0,0x0000000781980000)
  to   space 17408K, 0% used [0x0000000785700000,0x0000000785700000,0x0000000786800000)
 ParOldGen       total 238592K, used 29296K [0x00000006c1600000, 0x00000006cff00000, 0x000000076b200000)
  object space 238592K, 12% used [0x00000006c1600000,0x00000006c329c270,0x00000006cff00000)
 Metaspace       used 64814K, capacity 67926K, committed 68244K, reserved 1107968K
  class space    used 8815K, capacity 9314K, committed 9404K, reserved 1048576K
}
Event: 148.864 GC heap before
{Heap before GC invocations=15 (full 3):
 PSYoungGen      total 368128K, used 365589K [0x000000076b200000, 0x0000000786800000, 0x00000007c0000000)
  eden space 351744K, 100% used [0x000000076b200000,0x0000000780980000,0x0000000780980000)
  from space 16384K, 84% used [0x0000000780980000,0x00000007817055d0,0x0000000781980000)
  to   space 17408K, 0% used [0x0000000785700000,0x0000000785700000,0x0000000786800000)
 ParOldGen       total 238592K, used 29296K [0x00000006c1600000, 0x00000006cff00000, 0x000000076b200000)
  object space 238592K, 12% used [0x00000006c1600000,0x00000006c329c270,0x00000006cff00000)
 Metaspace       used 65641K, capacity 68810K, committed 69012K, reserved 1110016K
  class space    used 8857K, capacity 9378K, committed 9404K, reserved 1048576K
Event: 148.883 GC heap after
Heap after GC invocations=15 (full 3):
 PSYoungGen      total 419840K, used 17376K [0x000000076b200000, 0x0000000786800000, 0x00000007c0000000)
  eden space 402432K, 0% used [0x000000076b200000,0x000000076b200000,0x0000000783b00000)
  from space 17408K, 99% used [0x0000000785700000,0x00000007867f8060,0x0000000786800000)
  to   space 19968K, 0% used [0x0000000784100000,0x0000000784100000,0x0000000785480000)
 ParOldGen       total 238592K, used 30923K [0x00000006c1600000, 0x00000006cff00000, 0x000000076b200000)
  object space 238592K, 12% used [0x00000006c1600000,0x00000006c3432d48,0x00000006cff00000)
 Metaspace       used 65641K, capacity 68810K, committed 69012K, reserved 1110016K
  class space    used 8857K, capacity 9378K, committed 9404K, reserved 1048576K
}

