# JRE version: Java(TM) SE Runtime Environment (8.0_211-b12) (build 1.8.0_211-b12)
# Java VM: Java HotSpot(TM) 64-Bit Server VM (25.211-b12 mixed mode windows-amd64 compressed oops)
Heap:
 PSYoungGen      total 423424K, used 54622K [0x000000076b200000, 0x0000000789e00000, 0x00000007c0000000)
  eden space 408064K, 9% used [0x000000076b200000,0x000000076d858710,0x0000000784080000)
  from space 15360K, 99% used [0x0000000784080000,0x0000000784f7f310,0x0000000784f80000)
  to   space 17408K, 0% used [0x0000000788d00000,0x0000000788d00000,0x0000000789e00000)
 ParOldGen       total 199168K, used 31604K [0x00000006c1600000, 0x00000006cd880000, 0x000000076b200000)
  object space 199168K, 15% used [0x00000006c1600000,0x00000006c34dd1b0,0x00000006cd880000)
 Metaspace       used 73949K, capacity 77128K, committed 77312K, reserved 1118208K
  class space    used 8913K, capacity 9445K, committed 9472K, reserved 1048576K
GC Heap History (10 events):
Event: 11.230 GC heap before
{Heap before GC invocations=16 (full 3):
 PSYoungGen      total 277504K, used 3469K [0x000000076b200000, 0x0000000781e80000, 0x00000007c0000000)
  eden space 265728K, 0% used [0x000000076b200000,0x000000076b200000,0x000000077b580000)
  from space 11776K, 29% used [0x000000077b580000,0x000000077b8e3578,0x000000077c100000)
  to   space 11776K, 0% used [0x0000000781300000,0x0000000781300000,0x0000000781e80000)
 ParOldGen       total 147456K, used 22251K [0x00000006c1600000, 0x00000006ca600000, 0x000000076b200000)
  object space 147456K, 15% used [0x00000006c1600000,0x00000006c2bbafb0,0x00000006ca600000)
 Metaspace       used 57359K, capacity 58808K, committed 59160K, reserved 1101824K
  class space    used 7016K, capacity 7315K, committed 7424K, reserved 1048576K
Event: 11.373 GC heap after
Heap after GC invocations=16 (full 3):
 PSYoungGen      total 277504K, used 0K [0x000000076b200000, 0x0000000781e80000, 0x00000007c0000000)
  eden space 265728K, 0% used [0x000000076b200000,0x000000076b200000,0x000000077b580000)
  from space 11776K, 0% used [0x000000077b580000,0x000000077b580000,0x000000077c100000)
  to   space 11776K, 0% used [0x0000000781300000,0x0000000781300000,0x0000000781e80000)
 ParOldGen       total 199168K, used 19756K [0x00000006c1600000, 0x00000006cd880000, 0x000000076b200000)
  object space 199168K, 9% used [0x00000006c1600000,0x00000006c294b1b8,0x00000006cd880000)
 Metaspace       used 57359K, capacity 58808K, committed 59160K, reserved 1101824K
  class space    used 7016K, capacity 7315K, committed 7424K, reserved 1048576K
}
Event: 13.558 GC heap before
{Heap before GC invocations=17 (full 3):
 PSYoungGen      total 277504K, used 265728K [0x000000076b200000, 0x0000000781e80000, 0x00000007c0000000)
  eden space 265728K, 100% used [0x000000076b200000,0x000000077b580000,0x000000077b580000)
  from space 11776K, 0% used [0x000000077b580000,0x000000077b580000,0x000000077c100000)
  to   space 11776K, 0% used [0x0000000781300000,0x0000000781300000,0x0000000781e80000)
 ParOldGen       total 199168K, used 19756K [0x00000006c1600000, 0x00000006cd880000, 0x000000076b200000)
  object space 199168K, 9% used [0x00000006c1600000,0x00000006c294b1b8,0x00000006cd880000)
 Metaspace       used 64108K, capacity 66552K, committed 66816K, reserved 1107968K
  class space    used 7871K, capacity 8323K, committed 8448K, reserved 1048576K
Event: 13.574 GC heap after
Heap after GC invocations=17 (full 3):
 PSYoungGen      total 342528K, used 10600K [0x000000076b200000, 0x0000000781d80000, 0x00000007c0000000)
  eden space 331776K, 0% used [0x000000076b200000,0x000000076b200000,0x000000077f600000)
  from space 10752K, 98% used [0x0000000781300000,0x0000000781d5a380,0x0000000781d80000)
  to   space 12800K, 0% used [0x0000000780480000,0x0000000780480000,0x0000000781100000)
 ParOldGen       total 199168K, used 19764K [0x00000006c1600000, 0x00000006cd880000, 0x000000076b200000)
  object space 199168K, 9% used [0x00000006c1600000,0x00000006c294d1b8,0x00000006cd880000)
 Metaspace       used 64108K, capacity 66552K, committed 66816K, reserved 1107968K
  class space    used 7871K, capacity 8323K, committed 8448K, reserved 1048576K
}
Event: 16.810 GC heap before
{Heap before GC invocations=18 (full 3):
 PSYoungGen      total 342528K, used 342376K [0x000000076b200000, 0x0000000781d80000, 0x00000007c0000000)
  eden space 331776K, 100% used [0x000000076b200000,0x000000077f600000,0x000000077f600000)
  from space 10752K, 98% used [0x0000000781300000,0x0000000781d5a380,0x0000000781d80000)
  to   space 12800K, 0% used [0x0000000780480000,0x0000000780480000,0x0000000781100000)
 ParOldGen       total 199168K, used 19764K [0x00000006c1600000, 0x00000006cd880000, 0x000000076b200000)
  object space 199168K, 9% used [0x00000006c1600000,0x00000006c294d1b8,0x00000006cd880000)
 Metaspace       used 69899K, capacity 72734K, committed 72832K, reserved 1114112K
  class space    used 8596K, capacity 9088K, committed 9088K, reserved 1048576K
Event: 16.835 GC heap after
Heap after GC invocations=18 (full 3):
 PSYoungGen      total 359424K, used 12791K [0x000000076b200000, 0x0000000785e80000, 0x00000007c0000000)
  eden space 346624K, 0% used [0x000000076b200000,0x000000076b200000,0x0000000780480000)
  from space 12800K, 99% used [0x0000000780480000,0x00000007810fdce0,0x0000000781100000)
  to   space 15360K, 0% used [0x0000000784f80000,0x0000000784f80000,0x0000000785e80000)
 ParOldGen       total 199168K, used 22618K [0x00000006c1600000, 0x00000006cd880000, 0x000000076b200000)
  object space 199168K, 11% used [0x00000006c1600000,0x00000006c2c16ac0,0x00000006cd880000)
 Metaspace       used 69899K, capacity 72734K, committed 72832K, reserved 1114112K
  class space    used 8596K, capacity 9088K, committed 9088K, reserved 1048576K
}
Event: 20.140 GC heap before
{Heap before GC invocations=19 (full 3):
 PSYoungGen      total 359424K, used 359415K [0x000000076b200000, 0x0000000785e80000, 0x00000007c0000000)
  eden space 346624K, 100% used [0x000000076b200000,0x0000000780480000,0x0000000780480000)
  from space 12800K, 99% used [0x0000000780480000,0x00000007810fdce0,0x0000000781100000)
  to   space 15360K, 0% used [0x0000000784f80000,0x0000000784f80000,0x0000000785e80000)
 ParOldGen       total 199168K, used 22618K [0x00000006c1600000, 0x00000006cd880000, 0x000000076b200000)
  object space 199168K, 11% used [0x00000006c1600000,0x00000006c2c16ac0,0x00000006cd880000)
 Metaspace       used 72901K, capacity 76034K, committed 76288K, reserved 1116160K
  class space    used 8866K, capacity 9378K, committed 9472K, reserved 1048576K
Event: 20.193 GC heap after
Heap after GC invocations=19 (full 3):
 PSYoungGen      total 423424K, used 8645K [0x000000076b200000, 0x0000000787300000, 0x00000007c0000000)
  eden space 408064K, 0% used [0x000000076b200000,0x000000076b200000,0x0000000784080000)
  from space 15360K, 56% used [0x0000000784f80000,0x00000007857f15b0,0x0000000785e80000)
  to   space 15360K, 0% used [0x0000000784080000,0x0000000784080000,0x0000000784f80000)
 ParOldGen       total 199168K, used 31522K [0x00000006c1600000, 0x00000006cd880000, 0x000000076b200000)
  object space 199168K, 15% used [0x00000006c1600000,0x00000006c34c8a70,0x00000006cd880000)
 Metaspace       used 72901K, capacity 76034K, committed 76288K, reserved 1116160K
  class space    used 8866K, capacity 9378K, committed 9472K, reserved 1048576K
}
Event: 24.208 GC heap before
{Heap before GC invocations=20 (full 3):
 PSYoungGen      total 423424K, used 416709K [0x000000076b200000, 0x0000000787300000, 0x00000007c0000000)
  eden space 408064K, 100% used [0x000000076b200000,0x0000000784080000,0x0000000784080000)
  from space 15360K, 56% used [0x0000000784f80000,0x00000007857f15b0,0x0000000785e80000)
  to   space 15360K, 0% used [0x0000000784080000,0x0000000784080000,0x0000000784f80000)
 ParOldGen       total 199168K, used 31522K [0x00000006c1600000, 0x00000006cd880000, 0x000000076b200000)
  object space 199168K, 15% used [0x00000006c1600000,0x00000006c34c8a70,0x00000006cd880000)
 Metaspace       used 73887K, capacity 77110K, committed 77312K, reserved 1118208K
  class space    used 8909K, capacity 9442K, committed 9472K, reserved 1048576K
Event: 24.242 GC heap after
Heap after GC invocations=20 (full 3):
 PSYoungGen      total 423424K, used 15356K [0x000000076b200000, 0x0000000789e00000, 0x00000007c0000000)
  eden space 408064K, 0% used [0x000000076b200000,0x000000076b200000,0x0000000784080000)
  from space 15360K, 99% used [0x0000000784080000,0x0000000784f7f310,0x0000000784f80000)
  to   space 17408K, 0% used [0x0000000788d00000,0x0000000788d00000,0x0000000789e00000)
 ParOldGen       total 199168K, used 31604K [0x00000006c1600000, 0x00000006cd880000, 0x000000076b200000)
  object space 199168K, 15% used [0x00000006c1600000,0x00000006c34dd1b0,0x00000006cd880000)
 Metaspace       used 73887K, capacity 77110K, committed 77312K, reserved 1118208K
  class space    used 8909K, capacity 9442K, committed 9472K, reserved 1048576K
}

